[ICache] Loaded 27 instructions from programs/hex/rvc_test.hex
--- Starting ZAQAL Agile V1.0 Simulation ---
IBUF ACCEPT: pc=0000000080000000 mask=1111111111111111 epoch= 0
CORE EXECUTE [Cycle                     6]: pc=0000000080000000 inst=00080137 is_rvc= 0 epoch= 0
CORE EXECUTE: pc=0000000080000000 inst=00080137 type=ALU   src1=0000000000000000 src2=0000000000080000 res=0000000000080000
CORE EXECUTE [Cycle                     7]: pc=0000000080000004 inst=0011011b is_rvc= 1 epoch= 0
CORE EXECUTE: pc=0000000080000004 inst=0011011b type=ALU   src1=0000000000080000 src2=0000000000000001 res=0000000000080001
CORE EXECUTE [Cycle                     8]: pc=0000000080000006 inst=00c11113 is_rvc= 1 epoch= 0
CORE EXECUTE: pc=0000000080000006 inst=00c11113 type=ALU   src1=0000000000080001 src2=000000000000000c res=0000000080001000
[Cycle 14] FTQ Flushed! Shadow copy cleared.
CORE EXECUTE [Cycle                     9]: pc=0000000080000008 inst=006000ef is_rvc= 0 epoch= 0
CORE EXECUTE: MISPREDICT! pc=0000000080000008 inst=006000ef target=000000008000000e pred_taken= 0 actual_taken= 1
[BRU REDIRECT] pc=0000000080000008 target=000000008000000e actual_taken= 1 is_rvc= 0
FRONTEND FLUSH: epoch= 0 io.redirect.target=000000008000000e
IBUF FLUSHED!
BPU REDIRECT ACCEPTED: target=0000000080000120 epoch= 0
[BRU REDIRECT] pc=0000000080000008 target=000000008000000e actual_taken= 1 is_rvc= 0
IBUF ACCEPT: pc=0000000080000000 mask=1111111110000000 epoch= 1
CORE EXECUTE [Cycle                    16]: pc=000000008000000e inst=fe010113 is_rvc= 1 epoch= 1
CORE EXECUTE: pc=000000008000000e inst=fe010113 type=ALU   src1=0000000080001000 src2=ffffffffffffffe0 res=0000000080000fe0
CORE EXECUTE [Cycle                    17]: pc=0000000080000010 inst=00813c23 is_rvc= 1 epoch= 1
CORE EXECUTE: pc=0000000080000010 inst=00813c23 type=STORE src1=0000000080000fe0 src2=0000000000000000 imm=0000000000000018
DATA MEM WRITE: addr=0000000080000ff8 index= 63 wmask=        11111111
                index= 63 data=0000000000000000
                index=  0 data=aabbccdd11223344
CORE EXECUTE [Cycle                    18]: pc=0000000080000012 inst=02010413 is_rvc= 1 epoch= 1
CORE EXECUTE: pc=0000000080000012 inst=02010413 type=ALU   src1=0000000080000fe0 src2=0000000000000020 res=0000000080001000
CORE EXECUTE [Cycle                    19]: pc=0000000080000014 inst=00a00793 is_rvc= 1 epoch= 1
CORE EXECUTE: pc=0000000080000014 inst=00a00793 type=ALU   src1=0000000000000000 src2=000000000000000a res=000000000000000a
CORE EXECUTE [Cycle                    20]: pc=0000000080000016 inst=fef42223 is_rvc= 0 epoch= 1
CORE EXECUTE: pc=0000000080000016 inst=fef42223 type=STORE src1=0000000080001000 src2=000000000000000a imm=ffffffffffffffe4
DATA MEM WRITE: addr=0000000080000fe4 index= 60 wmask=        11110000
                index= 60 data=0000000a00000000
                index= 61 data=0000000000000000
CORE EXECUTE [Cycle                    21]: pc=000000008000001a inst=01400793 is_rvc= 1 epoch= 1
CORE EXECUTE: pc=000000008000001a inst=01400793 type=ALU   src1=0000000000000000 src2=0000000000000014 res=0000000000000014
CORE EXECUTE [Cycle                    22]: pc=000000008000001c inst=fef42023 is_rvc= 0 epoch= 1
CORE EXECUTE: pc=000000008000001c inst=fef42023 type=STORE src1=0000000080001000 src2=0000000000000014 imm=ffffffffffffffe0
DATA MEM WRITE: addr=0000000080000fe0 index= 60 wmask=            1111
                index= 60 data=0000000a00000014
                index= 61 data=0000000000000000
CORE EXECUTE [Cycle                    23]: pc=000000008000000e inst=fe010113 is_rvc= 1 epoch= 1
CORE EXECUTE: pc=000000008000000e inst=fe010113 type=ALU   src1=0000000080000fe0 src2=ffffffffffffffe0 res=0000000080000fc0
CORE EXECUTE [Cycle                    24]: pc=0000000080000010 inst=00813c23 is_rvc= 1 epoch= 1
CORE EXECUTE: pc=0000000080000010 inst=00813c23 type=STORE src1=0000000080000fc0 src2=0000000080001000 imm=0000000000000018
DATA MEM WRITE: addr=0000000080000fd8 index= 59 wmask=        11111111
                index= 59 data=0000000080001000
                index= 60 data=0000000a00000014
--- Simulation Finished. CSV generated: ftq_dump.csv ---
--- Final Register State ---
x00: 0x0000000000000000
x01: 0x000000008000000c
x02: 0x0000000080000fc0
x03: 0x0000000000000000
x04: 0x0000000000000000
x05: 0x0000000000000000
x06: 0x0000000000000000
x07: 0x0000000000000000
x08: 0x0000000080001000
x09: 0x0000000000000000
x10: 0x0000000000000000
x11: 0x0000000000000000
x12: 0x0000000000000000
x13: 0x0000000000000000
x14: 0x0000000000000000
x15: 0x0000000000000014
x16: 0x0000000000000000
x17: 0x0000000000000000
x18: 0x0000000000000000
x19: 0x0000000000000000
x20: 0x0000000000000000
x21: 0x0000000000000000
x22: 0x0000000000000000
x23: 0x0000000000000000
x24: 0x0000000000000000
x25: 0x0000000000000000
x26: 0x0000000000000000
x27: 0x0000000000000000
x28: 0x0000000000000000
x29: 0x0000000000000000
x30: 0x0000000000000000
x31: 0x0000000000000000
