make: Entering directory '/home/emerald/OpenLane'
cd /home/emerald/OpenLane && \
	docker run --rm -v /home/emerald/OpenLane:/openlane -v /home/emerald/OpenLane/designs:/openlane/install -v /home/emerald:/home/emerald -v /home/emerald/.ciel:/home/emerald/.ciel -e PDK_ROOT=/home/emerald/.ciel -e PDK=sky130A  --user 1000:1000 -e DISPLAY=:0 -v /tmp/.X11-unix:/tmp/.X11-unix --network host --security-opt seccomp=unconfined ghcr.io/the-openroad-project/openlane:ff5509f65b17bfa4068d5336495ab1718987ff69-amd64 sh -c "./flow.tcl -design zaqal"
OpenLane v1.0.2 (ff5509f65b17bfa4068d5336495ab1718987ff69)
All rights reserved. (c) 2020-2025 Efabless Corporation and contributors.
Available under the Apache License, version 2.0. See the LICENSE file for more details.

[INFO]: Using configuration in 'designs/zaqal/config.json'...
[INFO]: PDK Root: /home/emerald/.ciel
[INFO]: Process Design Kit: sky130A
[INFO]: Standard Cell Library: sky130_fd_sc_hd
[INFO]: Optimization Standard Cell Library: sky130_fd_sc_hd
[INFO]: Run Directory: /openlane/designs/zaqal/runs/RUN_2026.07.07_04.58.18
[INFO]: Saving runtime environment...
[INFO]: Preparing LEF files for the nom corner...
[INFO]: Preparing LEF files for the min corner...
[INFO]: Preparing LEF files for the max corner...
[INFO]: Running linter (Verilator) (log: designs/zaqal/runs/RUN_2026.07.07_04.58.18/logs/synthesis/linter.log)...
[INFO]: 0 errors found by linter
[WARNING]: 290 warnings found by linter
[STEP 1]
[INFO]: Running Synthesis (log: designs/zaqal/runs/RUN_2026.07.07_04.58.18/logs/synthesis/1-synthesis.log)...
[STEP 2]
[INFO]: Running Single-Corner Static Timing Analysis (log: designs/zaqal/runs/RUN_2026.07.07_04.58.18/logs/synthesis/2-sta.log)...
[STEP 3]
[INFO]: Running Initial Floorplanning (log: designs/zaqal/runs/RUN_2026.07.07_04.58.18/logs/floorplan/3-initial_fp.log)...
[INFO]: Floorplanned with width 4697.06 and height 4694.72.
[STEP 4]
[INFO]: Running IO Placement...
[STEP 5]
[INFO]: Running Global Placement (log: designs/zaqal/runs/RUN_2026.07.07_04.58.18/logs/placement/5-global.log)...
[STEP 6]
[INFO]: Running Single-Corner Static Timing Analysis (log: designs/zaqal/runs/RUN_2026.07.07_04.58.18/logs/placement/6-gpl_sta.log)...
[STEP 7]
[INFO]: Running basic macro placement (log: designs/zaqal/runs/RUN_2026.07.07_04.58.18/logs/placement/7-basic_mp.log)...
[STEP 8]
[INFO]: Running Tap/Decap Insertion (log: designs/zaqal/runs/RUN_2026.07.07_04.58.18/logs/floorplan/8-tap.log)...
[INFO]: Power planning with power {VPWR} and ground {VGND}...
[STEP 9]
[INFO]: Generating PDN (log: designs/zaqal/runs/RUN_2026.07.07_04.58.18/logs/floorplan/9-pdn.log)...
[STEP 10]
[INFO]: Running Global Placement (log: designs/zaqal/runs/RUN_2026.07.07_04.58.18/logs/placement/10-global.log)...
[STEP 11]
[INFO]: Running Single-Corner Static Timing Analysis (log: designs/zaqal/runs/RUN_2026.07.07_04.58.18/logs/placement/11-gpl_sta.log)...
[STEP 12]
[INFO]: Running Placement Resizer Design Optimizations (log: designs/zaqal/runs/RUN_2026.07.07_04.58.18/logs/placement/12-resizer.log)...
[STEP 13]
[INFO]: Running Detailed Placement (log: designs/zaqal/runs/RUN_2026.07.07_04.58.18/logs/placement/13-detailed.log)...
[STEP 14]
[INFO]: Running Single-Corner Static Timing Analysis (log: designs/zaqal/runs/RUN_2026.07.07_04.58.18/logs/placement/14-dpl_sta.log)...
[STEP 15]
[INFO]: Running Clock Tree Synthesis (log: designs/zaqal/runs/RUN_2026.07.07_04.58.18/logs/cts/15-cts.log)...
[STEP 16]
[INFO]: Running Single-Corner Static Timing Analysis (log: designs/zaqal/runs/RUN_2026.07.07_04.58.18/logs/cts/16-cts_sta.log)...
[STEP 17]
[INFO]: Running Placement Resizer Timing Optimizations (log: designs/zaqal/runs/RUN_2026.07.07_04.58.18/logs/cts/17-resizer.log)...
[STEP 18]
[INFO]: Running Global Routing Resizer Design Optimizations (log: designs/zaqal/runs/RUN_2026.07.07_04.58.18/logs/routing/18-resizer_design.log)...
